INFO:root:
    CREATE TABLE IF NOT EXISTS plans (
        planID INTEGER PRIMARY KEY,
        start_date TEXT,
        end_date TEXT,
        name TEXT,
        country TEXT,
        event_name TEXT,
        description TEXT,
        water INTEGER,
        food INTEGER,
        medical_supplies INTEGER,
        shelter INTEGER
        )
        
INFO:root:
    CREATE TABLE IF NOT EXISTS camps (
        campID INTEGER PRIMARY KEY,
        location TEXT,
        max_shelter INTEGER,
        water INTEGER,
        max_water INTEGER,
        food INTEGER,
        max_food INTEGER,
        medical_supplies INTEGER,
        max_medical_supplies INTEGER,
        planID INTEGER NOT NULL,
        FOREIGN KEY (planID) REFERENCES plans(planID) ON DELETE CASCADE ON UPDATE CASCADE
        )
        
INFO:root:
    CREATE TABLE IF NOT EXISTS volunteers(
        volunteerID INTEGER PRIMARY KEY,
        first_name TEXT, 
        last_name TEXT,
        username TEXT UNIQUE,
        password TEXT,
        date_of_birth TEXT,
        phone TEXT,
        account_status TEXT CHECK (account_status IN ('Admin', 'Active', 'Inactive')),
        campID INTEGER,
        FOREIGN KEY (campID) REFERENCES camps(campID) ON DELETE CASCADE ON UPDATE CASCADE
        )
        
INFO:root:
    CREATE TABLE IF NOT EXISTS refugees (
        refugeeID INTEGER PRIMARY KEY,
        first_name TEXT,
        last_name TEXT,
        date_of_birth TEXT,
        gender TEXT CHECK (gender IN ('Male', 'Female', 'Other')),
        familyID INTEGER,
        campID INTEGER NOT NULL,
        triage_category TEXT CHECK (triage_category IN ('None', 'Non-Urgent', 'Standard', 'Urgent', 'Very-Urgent', 'Immediate')),
        medical_conditions Text,
        vital_status TEXT CHECK (vital_status IN ('Alive', 'Deceased')),
        FOREIGN KEY (campID) REFERENCES camps(campID) ON DELETE CASCADE ON UPDATE CASCADE
        )
        
INFO:root:
    CREATE TABLE IF NOT EXISTS countries (
        country TEXT PRIMARY KEY)
        
INFO:root:
    CREATE TABLE IF NOT EXISTS family(
        familyID INTEGER PRIMARY KEY,
        family_name TEXT,
        lead_family_memberID INTEGER)
        
